Virtual User Script started at: 07.05.2023 17:51:20
Starting action vuser_init.
Web Turbo Replay of LoadRunner 2020.0.0 for Windows 10; build 793 (ноя 27 2019 19:51:20)  	[MsgId: MMSG-26983]
Run mode: HTML  	[MsgId: MMSG-26993]
Replay user agent: Mozilla/5.0 (Windows NT 10.0; Win64; x64) AppleWebKit/537.36 (KHTML, like Gecko) Chrome/81.0.4044.138 Safari/537.36  	[MsgId: MMSG-26988]
Runtime Settings file: "D:\temp\Web Tours\Scripts\LR\LR\Check_reservation\\default.cfg"  	[MsgId: MMSG-27141]
Ending action vuser_init.
Running Vuser...
Starting iteration 1.
Maximum number of concurrent connections per server: 6  	[MsgId: MMSG-26989]
Starting action Action.
Action.c(3): Notify: Transaction "5_Skript_Check_reservation" started.
Action.c(5): web_add_auto_header("Sec-Fetch-Site") started  	[MsgId: MMSG-26355]
Action.c(5): web_add_auto_header("Sec-Fetch-Site") was successful  	[MsgId: MMSG-26392]
Action.c(8): web_add_auto_header("Sec-Fetch-Dest") started  	[MsgId: MMSG-26355]
Action.c(8): web_add_auto_header("Sec-Fetch-Dest") was successful  	[MsgId: MMSG-26392]
Action.c(11): web_add_auto_header("Sec-Fetch-Mode") started  	[MsgId: MMSG-26355]
Action.c(11): web_add_auto_header("Sec-Fetch-Mode") was successful  	[MsgId: MMSG-26392]
Action.c(14): web_add_auto_header("Sec-Fetch-User") started  	[MsgId: MMSG-26355]
Action.c(14): web_add_auto_header("Sec-Fetch-User") was successful  	[MsgId: MMSG-26392]
Action.c(17): web_add_auto_header("Upgrade-Insecure-Requests") started  	[MsgId: MMSG-26355]
Action.c(17): web_add_auto_header("Upgrade-Insecure-Requests") was successful  	[MsgId: MMSG-26392]
D:\\temp\\Web Tours\\Scripts\\LR\\LR\\common.h(2): Notify: Transaction "open_site" started.
D:\\temp\\Web Tours\\Scripts\\LR\\LR\\common.h(4): web_reg_save_param started  	[MsgId: MMSG-26355]
D:\\temp\\Web Tours\\Scripts\\LR\\LR\\common.h(4): Registering web_reg_save_param was successful  	[MsgId: MMSG-26390]
D:\\temp\\Web Tours\\Scripts\\LR\\LR\\common.h(8): web_reg_find started  	[MsgId: MMSG-26355]
D:\\temp\\Web Tours\\Scripts\\LR\\LR\\common.h(8): Registering web_reg_find was successful  	[MsgId: MMSG-26390]
D:\\temp\\Web Tours\\Scripts\\LR\\LR\\common.h(11): web_url("WebTours") started  	[MsgId: MMSG-26355]
D:\\temp\\Web Tours\\Scripts\\LR\\LR\\common.h(11): Detected non-resource "http://localhost:1080/WebTours/header.html" in "http://localhost:1080/WebTours/"  	[MsgId: MMSG-26574]
D:\\temp\\Web Tours\\Scripts\\LR\\LR\\common.h(11): Detected non-resource "http://localhost:1080/cgi-bin/welcome.pl?signOff=true" in "http://localhost:1080/WebTours/"  	[MsgId: MMSG-26574]
D:\\temp\\Web Tours\\Scripts\\LR\\LR\\common.h(11): Found resource "http://localhost:1080/WebTours/images/hp_logo.png" in HTML "http://localhost:1080/WebTours/header.html"  	[MsgId: MMSG-26659]
D:\\temp\\Web Tours\\Scripts\\LR\\LR\\common.h(11): Found resource "http://localhost:1080/WebTours/images/webtours.png" in HTML "http://localhost:1080/WebTours/header.html"  	[MsgId: MMSG-26659]
D:\\temp\\Web Tours\\Scripts\\LR\\LR\\common.h(11): Detected non-resource "http://localhost:1080/cgi-bin/nav.pl?in=home" in "http://localhost:1080/cgi-bin/welcome.pl?signOff=true"  	[MsgId: MMSG-26574]
D:\\temp\\Web Tours\\Scripts\\LR\\LR\\common.h(11): Detected non-resource "http://localhost:1080/WebTours/home.html" in "http://localhost:1080/cgi-bin/welcome.pl?signOff=true"  	[MsgId: MMSG-26574]
D:\\temp\\Web Tours\\Scripts\\LR\\LR\\common.h(11): Found resource "http://localhost:1080/WebTours/images/mer_login.gif" in HTML "http://localhost:1080/cgi-bin/nav.pl?in=home"  	[MsgId: MMSG-26659]
D:\\temp\\Web Tours\\Scripts\\LR\\LR\\common.h(11): Registered web_reg_find successful for "Text=Web Tours" (count=6)  	[MsgId: MMSG-26364]
D:\\temp\\Web Tours\\Scripts\\LR\\LR\\common.h(11): web_url("WebTours") was successful, 10076 body bytes, 2371 header bytes, 24 chunking overhead bytes  	[MsgId: MMSG-26385]
D:\\temp\\Web Tours\\Scripts\\LR\\LR\\common.h(21): Notify: Transaction "open_site" ended with a "Pass" status (Duration: 0,2030 Wasted Time: 0,0880).
Action.c(24): web_set_sockets_option started  	[MsgId: MMSG-26355]
Action.c(24): web_set_sockets_option was successful  	[MsgId: MMSG-26392]
D:\\temp\\Web Tours\\Scripts\\LR\\LR\\common.h(24): Notify: Transaction "login" started.
D:\\temp\\Web Tours\\Scripts\\LR\\LR\\common.h(26): web_remove_auto_header("Sec-Fetch-User") started  	[MsgId: MMSG-26355]
D:\\temp\\Web Tours\\Scripts\\LR\\LR\\common.h(26): Previous automatically added web header for "Sec-Fetch-User" removed  	[MsgId: MMSG-26587]
D:\\temp\\Web Tours\\Scripts\\LR\\LR\\common.h(26): web_remove/revert_auto_header("Sec-Fetch-User") was successful  	[MsgId: MMSG-26392]
D:\\temp\\Web Tours\\Scripts\\LR\\LR\\common.h(28): web_add_auto_header("Sec-Fetch-Dest") started  	[MsgId: MMSG-26355]
D:\\temp\\Web Tours\\Scripts\\LR\\LR\\common.h(28): web_add_auto_header("Sec-Fetch-Dest") was successful  	[MsgId: MMSG-26392]
D:\\temp\\Web Tours\\Scripts\\LR\\LR\\common.h(31): web_remove_auto_header("Upgrade-Insecure-Requests") started  	[MsgId: MMSG-26355]
D:\\temp\\Web Tours\\Scripts\\LR\\LR\\common.h(31): Previous automatically added web header for "Upgrade-Insecure-Requests" removed  	[MsgId: MMSG-26587]
D:\\temp\\Web Tours\\Scripts\\LR\\LR\\common.h(31): web_remove/revert_auto_header("Upgrade-Insecure-Requests") was successful  	[MsgId: MMSG-26392]
D:\\temp\\Web Tours\\Scripts\\LR\\LR\\common.h(33): web_add_header("Origin") started  	[MsgId: MMSG-26355]
D:\\temp\\Web Tours\\Scripts\\LR\\LR\\common.h(33): web_add_header("Origin") was successful  	[MsgId: MMSG-26392]
D:\\temp\\Web Tours\\Scripts\\LR\\LR\\common.h(36): web_add_auto_header("Sec-Fetch-Site") started  	[MsgId: MMSG-26355]
D:\\temp\\Web Tours\\Scripts\\LR\\LR\\common.h(36): web_add_auto_header("Sec-Fetch-Site") was successful  	[MsgId: MMSG-26392]
D:\\temp\\Web Tours\\Scripts\\LR\\LR\\common.h(39): web_reg_find started  	[MsgId: MMSG-26355]
D:\\temp\\Web Tours\\Scripts\\LR\\LR\\common.h(39): Registering web_reg_find was successful  	[MsgId: MMSG-26390]
D:\\temp\\Web Tours\\Scripts\\LR\\LR\\common.h(43): web_reg_save_param_regexp started  	[MsgId: MMSG-26355]
D:\\temp\\Web Tours\\Scripts\\LR\\LR\\common.h(43): Registering web_reg_save_param_regexp was successful  	[MsgId: MMSG-26390]
D:\\temp\\Web Tours\\Scripts\\LR\\LR\\common.h(53): web_reg_save_param_regexp started  	[MsgId: MMSG-26355]
D:\\temp\\Web Tours\\Scripts\\LR\\LR\\common.h(53): Registering web_reg_save_param_regexp was successful  	[MsgId: MMSG-26390]
D:\\temp\\Web Tours\\Scripts\\LR\\LR\\common.h(63): web_reg_save_param_regexp started  	[MsgId: MMSG-26355]
D:\\temp\\Web Tours\\Scripts\\LR\\LR\\common.h(63): Registering web_reg_save_param_regexp was successful  	[MsgId: MMSG-26390]
D:\\temp\\Web Tours\\Scripts\\LR\\LR\\common.h(73): web_reg_find started  	[MsgId: MMSG-26355]
D:\\temp\\Web Tours\\Scripts\\LR\\LR\\common.h(73): Registering web_reg_find was successful  	[MsgId: MMSG-26390]
D:\\temp\\Web Tours\\Scripts\\LR\\LR\\common.h(76): web_reg_find started  	[MsgId: MMSG-26355]
D:\\temp\\Web Tours\\Scripts\\LR\\LR\\common.h(76): Registering web_reg_find was successful  	[MsgId: MMSG-26390]
D:\\temp\\Web Tours\\Scripts\\LR\\LR\\common.h(79): web_submit_data("login.pl") started  	[MsgId: MMSG-26355]
D:\\temp\\Web Tours\\Scripts\\LR\\LR\\common.h(79): Detected non-resource "http://localhost:1080/cgi-bin/nav.pl?page=menu&in=home" in "http://localhost:1080/cgi-bin/login.pl"  	[MsgId: MMSG-26574]
D:\\temp\\Web Tours\\Scripts\\LR\\LR\\common.h(79): Detected non-resource "http://localhost:1080/cgi-bin/login.pl?intro=true" in "http://localhost:1080/cgi-bin/login.pl"  	[MsgId: MMSG-26574]
D:\\temp\\Web Tours\\Scripts\\LR\\LR\\common.h(79): Found resource "http://localhost:1080/WebTours/images/flights.gif" in HTML "http://localhost:1080/cgi-bin/nav.pl?page=menu&in=home"  	[MsgId: MMSG-26659]
D:\\temp\\Web Tours\\Scripts\\LR\\LR\\common.h(79): Found resource "http://localhost:1080/WebTours/images/itinerary.gif" in HTML "http://localhost:1080/cgi-bin/nav.pl?page=menu&in=home"  	[MsgId: MMSG-26659]
D:\\temp\\Web Tours\\Scripts\\LR\\LR\\common.h(79): Found resource "http://localhost:1080/WebTours/images/in_home.gif" in HTML "http://localhost:1080/cgi-bin/nav.pl?page=menu&in=home"  	[MsgId: MMSG-26659]
D:\\temp\\Web Tours\\Scripts\\LR\\LR\\common.h(79): Found resource "http://localhost:1080/WebTours/images/signoff.gif" in HTML "http://localhost:1080/cgi-bin/nav.pl?page=menu&in=home"  	[MsgId: MMSG-26659]
D:\\temp\\Web Tours\\Scripts\\LR\\LR\\common.h(79): Registered web_reg_find successful for "Text=User password was correct" (count=1)  	[MsgId: MMSG-26364]
D:\\temp\\Web Tours\\Scripts\\LR\\LR\\common.h(79): Registered web_reg_find successful for "Text=Welcome to Web Tours" (count=1)  	[MsgId: MMSG-26364]
D:\\temp\\Web Tours\\Scripts\\LR\\LR\\common.h(79): Registered web_reg_find successful for "Text=Welcome, <b>user</b>, to the Web Tours reservation pages" (count=1)  	[MsgId: MMSG-26364]
D:\\temp\\Web Tours\\Scripts\\LR\\LR\\common.h(79): web_submit_data("login.pl") was successful, 5779 body bytes, 2023 header bytes, 36 chunking overhead bytes  	[MsgId: MMSG-26385]
D:\\temp\\Web Tours\\Scripts\\LR\\LR\\common.h(96): Notify: Transaction "login" ended with a "Pass" status (Duration: 0,1348 Wasted Time: 0,0119).
Action.c(36): Notify: Transaction "Check_ticket" started.
Action.c(38): web_add_header("Sec-Fetch-User") started  	[MsgId: MMSG-26355]
Action.c(38): web_add_header("Sec-Fetch-User") was successful  	[MsgId: MMSG-26392]
Action.c(41): web_add_header("Upgrade-Insecure-Requests") started  	[MsgId: MMSG-26355]
Action.c(41): web_add_header("Upgrade-Insecure-Requests") was successful  	[MsgId: MMSG-26392]
Action.c(44): web_reg_find started  	[MsgId: MMSG-26355]
Action.c(44): Registering web_reg_find was successful  	[MsgId: MMSG-26390]
Action.c(47): web_url("Itinerary Button") started  	[MsgId: MMSG-26355]
Action.c(47): Detected non-resource "http://localhost:1080/cgi-bin/nav.pl?page=menu&in=itinerary" in "http://localhost:1080/cgi-bin/welcome.pl?page=itinerary"  	[MsgId: MMSG-26574]
Action.c(47): Detected non-resource "http://localhost:1080/cgi-bin/itinerary.pl" in "http://localhost:1080/cgi-bin/welcome.pl?page=itinerary"  	[MsgId: MMSG-26574]
Action.c(47): Resource "http://localhost:1080/WebTours/images/flights.gif" is in the cache already and will not be downloaded again  	[MsgId: MMSG-26655]
Action.c(47): Found resource "http://localhost:1080/WebTours/images/in_itinerary.gif" in HTML "http://localhost:1080/cgi-bin/nav.pl?page=menu&in=itinerary"  	[MsgId: MMSG-26659]
Action.c(47): Found resource "http://localhost:1080/WebTours/images/home.gif" in HTML "http://localhost:1080/cgi-bin/nav.pl?page=menu&in=itinerary"  	[MsgId: MMSG-26659]
Action.c(47): Resource "http://localhost:1080/WebTours/images/signoff.gif" is in the cache already and will not be downloaded again  	[MsgId: MMSG-26655]
Action.c(47): Found resource "http://localhost:1080/WebTours/images/cancelreservation.gif" in HTML "http://localhost:1080/cgi-bin/itinerary.pl"  	[MsgId: MMSG-26659]
Action.c(47): Found resource "http://localhost:1080/WebTours/images/cancelallreservations.gif" in HTML "http://localhost:1080/cgi-bin/itinerary.pl"  	[MsgId: MMSG-26659]
Action.c(47): Registered web_reg_find successful for "Text=User wants the intineraries" (count=1)  	[MsgId: MMSG-26364]
Action.c(47): web_url("Itinerary Button") was successful, 14392 body bytes, 1913 header bytes, 51 chunking overhead bytes  	[MsgId: MMSG-26385]
Action.c(57): Notify: Transaction "Check_ticket" ended with a "Pass" status (Duration: 0,2327 Wasted Time: 0,0075).
D:\\temp\\Web Tours\\Scripts\\LR\\LR\\common.h(156): Notify: Transaction "logout" started.
D:\\temp\\Web Tours\\Scripts\\LR\\LR\\common.h(158): web_add_header("Sec-Fetch-User") started  	[MsgId: MMSG-26355]
D:\\temp\\Web Tours\\Scripts\\LR\\LR\\common.h(158): web_add_header("Sec-Fetch-User") was successful  	[MsgId: MMSG-26392]
D:\\temp\\Web Tours\\Scripts\\LR\\LR\\common.h(161): web_add_header("Upgrade-Insecure-Requests") started  	[MsgId: MMSG-26355]
D:\\temp\\Web Tours\\Scripts\\LR\\LR\\common.h(161): web_add_header("Upgrade-Insecure-Requests") was successful  	[MsgId: MMSG-26392]
D:\\temp\\Web Tours\\Scripts\\LR\\LR\\common.h(164): web_reg_find started  	[MsgId: MMSG-26355]
D:\\temp\\Web Tours\\Scripts\\LR\\LR\\common.h(164): Registering web_reg_find was successful  	[MsgId: MMSG-26390]
D:\\temp\\Web Tours\\Scripts\\LR\\LR\\common.h(167): web_url("SignOff Button") started  	[MsgId: MMSG-26355]
D:\\temp\\Web Tours\\Scripts\\LR\\LR\\common.h(167): Detected non-resource "http://localhost:1080/cgi-bin/nav.pl?in=home" in "http://localhost:1080/cgi-bin/welcome.pl?signOff=1"  	[MsgId: MMSG-26574]
D:\\temp\\Web Tours\\Scripts\\LR\\LR\\common.h(167): Detected non-resource "http://localhost:1080/WebTours/home.html" in "http://localhost:1080/cgi-bin/welcome.pl?signOff=1"  	[MsgId: MMSG-26574]
D:\\temp\\Web Tours\\Scripts\\LR\\LR\\common.h(167): Retrieving data from cache for "http://localhost:1080/WebTours/home.html"  	[MsgId: MMSG-26558]
D:\\temp\\Web Tours\\Scripts\\LR\\LR\\common.h(167): Resource "http://localhost:1080/WebTours/images/mer_login.gif" is in the cache already and will not be downloaded again  	[MsgId: MMSG-26655]
D:\\temp\\Web Tours\\Scripts\\LR\\LR\\common.h(167): Registered web_reg_find successful for "Text=A Session ID has been created" (count=1)  	[MsgId: MMSG-26364]
D:\\temp\\Web Tours\\Scripts\\LR\\LR\\common.h(167): web_url("SignOff Button") was successful, 2172 body bytes, 582 header bytes, 24 chunking overhead bytes  	[MsgId: MMSG-26385]
D:\\temp\\Web Tours\\Scripts\\LR\\LR\\common.h(177): Notify: Transaction "logout" ended with a "Pass" status (Duration: 0,1174 Wasted Time: 0,0065).
Action.c(72): Notify: Transaction "5_Skript_Check_reservation" ended with a "Pass" status (Duration: 0,8872 Wasted Time: 0,1139).
Ending action Action.
Ending iteration 1.
Ending Vuser...
Starting action vuser_end.
Ending action vuser_end.
Vuser Terminated.
